2017-03-07 17:15:37.211  INFO 7120 --- [main] zrq.com.mvc.example01.App                : Starting App on 5CG6130YV1 with PID 7120 (C:\01WORK\LEARN\WorkspaceSPRING\zrqSpringCookBook\target\classes started by Quintas.R in C:\01WORK\LEARN\WorkspaceSPRING\zrqSpringCookBook)
2017-03-07 17:15:37.214  INFO 7120 --- [main] zrq.com.mvc.example01.App                : No active profile set, falling back to default profiles: default
2017-03-07 17:15:37.274  INFO 7120 --- [main] s.c.a.AnnotationConfigApplicationContext : Refreshing org.springframework.context.annotation.AnnotationConfigApplicationContext@4e91d63f: startup date [Tue Mar 07 17:15:37 GMT 2017]; root of context hierarchy
2017-03-07 17:15:38.069  INFO 7120 --- [main] o.s.j.e.a.AnnotationMBeanExporter        : Registering beans for JMX exposure on startup
2017-03-07 17:15:38.082  INFO 7120 --- [main] zrq.com.mvc.example01.App                : Started App in 1.083 seconds (JVM running for 1.723)
2017-03-07 17:15:38.083  INFO 7120 --- [Thread-3] s.c.a.AnnotationConfigApplicationContext : Closing org.springframework.context.annotation.AnnotationConfigApplicationContext@4e91d63f: startup date [Tue Mar 07 17:15:37 GMT 2017]; root of context hierarchy
2017-03-07 17:15:38.085  INFO 7120 --- [Thread-3] o.s.j.e.a.AnnotationMBeanExporter        : Unregistering JMX-exposed beans on shutdown
2017-03-07 17:17:14.229  INFO 9380 --- [main] zrq.com.mvc.example01.App                : Starting App on 5CG6130YV1 with PID 9380 (C:\01WORK\LEARN\WorkspaceSPRING\zrqSpringCookBook\target\classes started by Quintas.R in C:\01WORK\LEARN\WorkspaceSPRING\zrqSpringCookBook)
2017-03-07 17:17:14.233  INFO 9380 --- [main] zrq.com.mvc.example01.App                : No active profile set, falling back to default profiles: default
2017-03-07 17:17:14.284  INFO 9380 --- [main] s.c.a.AnnotationConfigApplicationContext : Refreshing org.springframework.context.annotation.AnnotationConfigApplicationContext@56de5251: startup date [Tue Mar 07 17:17:14 GMT 2017]; root of context hierarchy
2017-03-07 17:17:15.040  INFO 9380 --- [main] o.s.j.e.a.AnnotationMBeanExporter        : Registering beans for JMX exposure on startup
2017-03-07 17:17:15.051  INFO 9380 --- [main] zrq.com.mvc.example01.App                : Started App in 1.037 seconds (JVM running for 1.692)
2017-03-07 17:17:15.052  INFO 9380 --- [Thread-3] s.c.a.AnnotationConfigApplicationContext : Closing org.springframework.context.annotation.AnnotationConfigApplicationContext@56de5251: startup date [Tue Mar 07 17:17:14 GMT 2017]; root of context hierarchy
2017-03-07 17:17:15.054  INFO 9380 --- [Thread-3] o.s.j.e.a.AnnotationMBeanExporter        : Unregistering JMX-exposed beans on shutdown
2017-03-07 17:18:56.014  INFO 10228 --- [main] zrq.com.mvc.example01.App                : Starting App on 5CG6130YV1 with PID 10228 (C:\01WORK\LEARN\WorkspaceSPRING\zrqSpringCookBook\target\classes started by Quintas.R in C:\01WORK\LEARN\WorkspaceSPRING\zrqSpringCookBook)
2017-03-07 17:18:56.018  INFO 10228 --- [main] zrq.com.mvc.example01.App                : No active profile set, falling back to default profiles: default
2017-03-07 17:18:56.068  INFO 10228 --- [main] s.c.a.AnnotationConfigApplicationContext : Refreshing org.springframework.context.annotation.AnnotationConfigApplicationContext@1a04f701: startup date [Tue Mar 07 17:18:56 GMT 2017]; root of context hierarchy
2017-03-07 17:18:56.831  INFO 10228 --- [main] o.s.j.e.a.AnnotationMBeanExporter        : Registering beans for JMX exposure on startup
2017-03-07 17:18:56.844  INFO 10228 --- [main] zrq.com.mvc.example01.App                : Started App in 1.048 seconds (JVM running for 1.683)
2017-03-07 17:18:56.845  INFO 10228 --- [Thread-3] s.c.a.AnnotationConfigApplicationContext : Closing org.springframework.context.annotation.AnnotationConfigApplicationContext@1a04f701: startup date [Tue Mar 07 17:18:56 GMT 2017]; root of context hierarchy
2017-03-07 17:18:56.847  INFO 10228 --- [Thread-3] o.s.j.e.a.AnnotationMBeanExporter        : Unregistering JMX-exposed beans on shutdown
2017-03-07 17:21:00.476  INFO 4032 --- [main] zrq.com.mvc.example01.App                : Starting App on 5CG6130YV1 with PID 4032 (C:\01WORK\LEARN\WorkspaceSPRING\zrqSpringCookBook\target\classes started by Quintas.R in C:\01WORK\LEARN\WorkspaceSPRING\zrqSpringCookBook)
2017-03-07 17:21:00.479  INFO 4032 --- [main] zrq.com.mvc.example01.App                : No active profile set, falling back to default profiles: default
2017-03-07 17:21:00.530  INFO 4032 --- [main] s.c.a.AnnotationConfigApplicationContext : Refreshing org.springframework.context.annotation.AnnotationConfigApplicationContext@4e91d63f: startup date [Tue Mar 07 17:21:00 GMT 2017]; root of context hierarchy
2017-03-07 17:21:01.277  INFO 4032 --- [main] o.s.j.e.a.AnnotationMBeanExporter        : Registering beans for JMX exposure on startup
2017-03-07 17:21:01.290  INFO 4032 --- [main] zrq.com.mvc.example01.App                : Started App in 1.026 seconds (JVM running for 1.653)
2017-03-07 17:21:01.290  INFO 4032 --- [Thread-3] s.c.a.AnnotationConfigApplicationContext : Closing org.springframework.context.annotation.AnnotationConfigApplicationContext@4e91d63f: startup date [Tue Mar 07 17:21:00 GMT 2017]; root of context hierarchy
2017-03-07 17:21:01.292  INFO 4032 --- [Thread-3] o.s.j.e.a.AnnotationMBeanExporter        : Unregistering JMX-exposed beans on shutdown
2017-03-07 17:22:10.294  INFO 912 --- [main] zrq.com.mvc.example01.App                : Starting App on 5CG6130YV1 with PID 912 (C:\01WORK\LEARN\WorkspaceSPRING\zrqSpringCookBook\target\classes started by Quintas.R in C:\01WORK\LEARN\WorkspaceSPRING\zrqSpringCookBook)
2017-03-07 17:22:10.298  INFO 912 --- [main] zrq.com.mvc.example01.App                : No active profile set, falling back to default profiles: default
2017-03-07 17:22:10.369  INFO 912 --- [main] s.c.a.AnnotationConfigApplicationContext : Refreshing org.springframework.context.annotation.AnnotationConfigApplicationContext@1d548a08: startup date [Tue Mar 07 17:22:10 GMT 2017]; root of context hierarchy
2017-03-07 17:22:11.166  INFO 912 --- [main] o.s.j.e.a.AnnotationMBeanExporter        : Registering beans for JMX exposure on startup
2017-03-07 17:22:11.179  INFO 912 --- [main] zrq.com.mvc.example01.App                : Started App in 1.162 seconds (JVM running for 1.69)
2017-03-07 17:22:11.179  INFO 912 --- [Thread-3] s.c.a.AnnotationConfigApplicationContext : Closing org.springframework.context.annotation.AnnotationConfigApplicationContext@1d548a08: startup date [Tue Mar 07 17:22:10 GMT 2017]; root of context hierarchy
2017-03-07 17:22:11.181  INFO 912 --- [Thread-3] o.s.j.e.a.AnnotationMBeanExporter        : Unregistering JMX-exposed beans on shutdown
2017-03-08 09:38:24.217  INFO 5968 --- [main] zrq.com.mvc.example01.App                : Starting App on 5CG6130YV1 with PID 5968 (C:\01WORK\LEARN\WorkspaceSPRING\zrqSpringCookBook\target\classes started by Quintas.R in C:\01WORK\LEARN\WorkspaceSPRING\zrqSpringCookBook)
2017-03-08 09:38:24.217  INFO 5968 --- [main] zrq.com.mvc.example01.App                : No active profile set, falling back to default profiles: default
2017-03-08 09:38:24.529  INFO 5968 --- [main] ationConfigEmbeddedWebApplicationContext : Refreshing org.springframework.boot.context.embedded.AnnotationConfigEmbeddedWebApplicationContext@527e5409: startup date [Wed Mar 08 09:38:24 GMT 2017]; root of context hierarchy
2017-03-08 09:38:25.561  INFO 5968 --- [main] trationDelegate$BeanPostProcessorChecker : Bean 'org.springframework.boot.autoconfigure.validation.ValidationAutoConfiguration' of type [class org.springframework.boot.autoconfigure.validation.ValidationAutoConfiguration] is not eligible for getting processed by all BeanPostProcessors (for example: not eligible for auto-proxying)
2017-03-08 09:38:25.718  INFO 5968 --- [main] trationDelegate$BeanPostProcessorChecker : Bean 'validator' of type [class org.springframework.validation.beanvalidation.LocalValidatorFactoryBean] is not eligible for getting processed by all BeanPostProcessors (for example: not eligible for auto-proxying)
2017-03-08 09:38:25.780  INFO 5968 --- [main] trationDelegate$BeanPostProcessorChecker : Bean 'org.springframework.transaction.annotation.ProxyTransactionManagementConfiguration' of type [class org.springframework.transaction.annotation.ProxyTransactionManagementConfiguration$$EnhancerBySpringCGLIB$$b4f5109d] is not eligible for getting processed by all BeanPostProcessors (for example: not eligible for auto-proxying)
2017-03-08 09:38:26.108  INFO 5968 --- [main] s.b.c.e.t.TomcatEmbeddedServletContainer : Tomcat initialized with port(s): 8080 (http)
2017-03-08 09:38:26.123  INFO 5968 --- [main] o.apache.catalina.core.StandardService   : Starting service Tomcat
2017-03-08 09:38:26.123  INFO 5968 --- [main] org.apache.catalina.core.StandardEngine  : Starting Servlet Engine: Apache Tomcat/8.5.11
2017-03-08 09:38:26.295  INFO 5968 --- [localhost-startStop-1] o.a.c.c.C.[Tomcat].[localhost].[/]       : Initializing Spring embedded WebApplicationContext
2017-03-08 09:38:26.295  INFO 5968 --- [localhost-startStop-1] o.s.web.context.ContextLoader            : Root WebApplicationContext: initialization completed in 1766 ms
2017-03-08 09:38:26.435  INFO 5968 --- [localhost-startStop-1] o.s.b.w.servlet.ServletRegistrationBean  : Mapping servlet: 'dispatcherServlet' to [/]
2017-03-08 09:38:26.451  INFO 5968 --- [localhost-startStop-1] o.s.b.w.servlet.FilterRegistrationBean   : Mapping filter: 'characterEncodingFilter' to: [/*]
2017-03-08 09:38:26.451  INFO 5968 --- [localhost-startStop-1] o.s.b.w.servlet.FilterRegistrationBean   : Mapping filter: 'hiddenHttpMethodFilter' to: [/*]
2017-03-08 09:38:26.451  INFO 5968 --- [localhost-startStop-1] o.s.b.w.servlet.FilterRegistrationBean   : Mapping filter: 'httpPutFormContentFilter' to: [/*]
2017-03-08 09:38:26.451  INFO 5968 --- [localhost-startStop-1] o.s.b.w.servlet.FilterRegistrationBean   : Mapping filter: 'requestContextFilter' to: [/*]
2017-03-08 09:38:26.747  INFO 5968 --- [main] s.w.s.m.m.a.RequestMappingHandlerAdapter : Looking for @ControllerAdvice: org.springframework.boot.context.embedded.AnnotationConfigEmbeddedWebApplicationContext@527e5409: startup date [Wed Mar 08 09:38:24 GMT 2017]; root of context hierarchy
2017-03-08 09:38:26.826  INFO 5968 --- [main] s.w.s.m.m.a.RequestMappingHandlerMapping : Mapped "{[/greeting]}" onto public java.lang.String zrq.com.mvc.example01.GreetingController.greeting(java.lang.String,org.springframework.ui.Model)
2017-03-08 09:38:26.826  INFO 5968 --- [main] s.w.s.m.m.a.RequestMappingHandlerMapping : Mapped "{[/error]}" onto public org.springframework.http.ResponseEntity<java.util.Map<java.lang.String, java.lang.Object>> org.springframework.boot.autoconfigure.web.BasicErrorController.error(javax.servlet.http.HttpServletRequest)
2017-03-08 09:38:26.826  INFO 5968 --- [main] s.w.s.m.m.a.RequestMappingHandlerMapping : Mapped "{[/error],produces=[text/html]}" onto public org.springframework.web.servlet.ModelAndView org.springframework.boot.autoconfigure.web.BasicErrorController.errorHtml(javax.servlet.http.HttpServletRequest,javax.servlet.http.HttpServletResponse)
2017-03-08 09:38:26.858  INFO 5968 --- [main] o.s.w.s.handler.SimpleUrlHandlerMapping  : Mapped URL path [/webjars/**] onto handler of type [class org.springframework.web.servlet.resource.ResourceHttpRequestHandler]
2017-03-08 09:38:26.858  INFO 5968 --- [main] o.s.w.s.handler.SimpleUrlHandlerMapping  : Mapped URL path [/**] onto handler of type [class org.springframework.web.servlet.resource.ResourceHttpRequestHandler]
2017-03-08 09:38:26.951  INFO 5968 --- [main] o.s.w.s.handler.SimpleUrlHandlerMapping  : Mapped URL path [/**/favicon.ico] onto handler of type [class org.springframework.web.servlet.resource.ResourceHttpRequestHandler]
2017-03-08 09:38:26.982  WARN 5968 --- [main] .t.AbstractTemplateResolverConfiguration : Cannot find template location: classpath:/templates/ (please add some templates or check your Thymeleaf configuration)
2017-03-08 09:38:27.419  INFO 5968 --- [main] o.s.j.e.a.AnnotationMBeanExporter        : Registering beans for JMX exposure on startup
2017-03-08 09:38:27.528  INFO 5968 --- [main] s.b.c.e.t.TomcatEmbeddedServletContainer : Tomcat started on port(s): 8080 (http)
2017-03-08 09:38:27.528  INFO 5968 --- [main] zrq.com.mvc.example01.App                : Started App in 3.607 seconds (JVM running for 4.23)
2017-03-08 09:38:32.964  INFO 5968 --- [http-nio-8080-exec-1] o.a.c.c.C.[Tomcat].[localhost].[/]       : Initializing Spring FrameworkServlet 'dispatcherServlet'
2017-03-08 09:38:32.965  INFO 5968 --- [http-nio-8080-exec-1] o.s.web.servlet.DispatcherServlet        : FrameworkServlet 'dispatcherServlet': initialization started
2017-03-08 09:38:32.982  INFO 5968 --- [http-nio-8080-exec-1] o.s.web.servlet.DispatcherServlet        : FrameworkServlet 'dispatcherServlet': initialization completed in 17 ms
2017-03-08 09:38:48.986 ERROR 5968 --- [http-nio-8080-exec-2] org.thymeleaf.TemplateEngine             : [THYMELEAF][http-nio-8080-exec-2] Exception processing template "greeting": Error resolving template "greeting", template might not exist or might not be accessible by any of the configured Template Resolvers
2017-03-08 09:38:48.993 ERROR 5968 --- [http-nio-8080-exec-2] o.a.c.c.C.[.[.[/].[dispatcherServlet]    : Servlet.service() for servlet [dispatcherServlet] in context with path [] threw exception [Request processing failed; nested exception is org.thymeleaf.exceptions.TemplateInputException: Error resolving template "greeting", template might not exist or might not be accessible by any of the configured Template Resolvers] with root cause

org.thymeleaf.exceptions.TemplateInputException: Error resolving template "greeting", template might not exist or might not be accessible by any of the configured Template Resolvers
	at org.thymeleaf.TemplateRepository.getTemplate(TemplateRepository.java:246) ~[thymeleaf-2.1.5.RELEASE.jar:2.1.5.RELEASE]
	at org.thymeleaf.TemplateEngine.process(TemplateEngine.java:1104) ~[thymeleaf-2.1.5.RELEASE.jar:2.1.5.RELEASE]
	at org.thymeleaf.TemplateEngine.process(TemplateEngine.java:1060) ~[thymeleaf-2.1.5.RELEASE.jar:2.1.5.RELEASE]
	at org.thymeleaf.TemplateEngine.process(TemplateEngine.java:1011) ~[thymeleaf-2.1.5.RELEASE.jar:2.1.5.RELEASE]
	at org.thymeleaf.spring4.view.ThymeleafView.renderFragment(ThymeleafView.java:335) ~[thymeleaf-spring4-2.1.5.RELEASE.jar:2.1.5.RELEASE]
	at org.thymeleaf.spring4.view.ThymeleafView.render(ThymeleafView.java:190) ~[thymeleaf-spring4-2.1.5.RELEASE.jar:2.1.5.RELEASE]
	at org.springframework.web.servlet.DispatcherServlet.render(DispatcherServlet.java:1271) ~[spring-webmvc-4.3.6.RELEASE.jar:4.3.6.RELEASE]
	at org.springframework.web.servlet.DispatcherServlet.processDispatchResult(DispatcherServlet.java:1037) ~[spring-webmvc-4.3.6.RELEASE.jar:4.3.6.RELEASE]
	at org.springframework.web.servlet.DispatcherServlet.doDispatch(DispatcherServlet.java:980) ~[spring-webmvc-4.3.6.RELEASE.jar:4.3.6.RELEASE]
	at org.springframework.web.servlet.DispatcherServlet.doService(DispatcherServlet.java:897) ~[spring-webmvc-4.3.6.RELEASE.jar:4.3.6.RELEASE]
	at org.springframework.web.servlet.FrameworkServlet.processRequest(FrameworkServlet.java:970) ~[spring-webmvc-4.3.6.RELEASE.jar:4.3.6.RELEASE]
	at org.springframework.web.servlet.FrameworkServlet.doGet(FrameworkServlet.java:861) ~[spring-webmvc-4.3.6.RELEASE.jar:4.3.6.RELEASE]
	at javax.servlet.http.HttpServlet.service(HttpServlet.java:622) ~[tomcat-embed-core-8.5.11.jar:8.5.11]
	at org.springframework.web.servlet.FrameworkServlet.service(FrameworkServlet.java:846) ~[spring-webmvc-4.3.6.RELEASE.jar:4.3.6.RELEASE]
	at javax.servlet.http.HttpServlet.service(HttpServlet.java:729) ~[tomcat-embed-core-8.5.11.jar:8.5.11]
	at org.apache.catalina.core.ApplicationFilterChain.internalDoFilter(ApplicationFilterChain.java:230) ~[tomcat-embed-core-8.5.11.jar:8.5.11]
	at org.apache.catalina.core.ApplicationFilterChain.doFilter(ApplicationFilterChain.java:165) ~[tomcat-embed-core-8.5.11.jar:8.5.11]
	at org.apache.tomcat.websocket.server.WsFilter.doFilter(WsFilter.java:52) ~[tomcat-embed-websocket-8.5.11.jar:8.5.11]
	at org.apache.catalina.core.ApplicationFilterChain.internalDoFilter(ApplicationFilterChain.java:192) ~[tomcat-embed-core-8.5.11.jar:8.5.11]
	at org.apache.catalina.core.ApplicationFilterChain.doFilter(ApplicationFilterChain.java:165) ~[tomcat-embed-core-8.5.11.jar:8.5.11]
	at org.springframework.web.filter.RequestContextFilter.doFilterInternal(RequestContextFilter.java:99) ~[spring-web-4.3.6.RELEASE.jar:4.3.6.RELEASE]
	at org.springframework.web.filter.OncePerRequestFilter.doFilter(OncePerRequestFilter.java:107) ~[spring-web-4.3.6.RELEASE.jar:4.3.6.RELEASE]
	at org.apache.catalina.core.ApplicationFilterChain.internalDoFilter(ApplicationFilterChain.java:192) ~[tomcat-embed-core-8.5.11.jar:8.5.11]
	at org.apache.catalina.core.ApplicationFilterChain.doFilter(ApplicationFilterChain.java:165) ~[tomcat-embed-core-8.5.11.jar:8.5.11]
	at org.springframework.web.filter.HttpPutFormContentFilter.doFilterInternal(HttpPutFormContentFilter.java:105) ~[spring-web-4.3.6.RELEASE.jar:4.3.6.RELEASE]
	at org.springframework.web.filter.OncePerRequestFilter.doFilter(OncePerRequestFilter.java:107) ~[spring-web-4.3.6.RELEASE.jar:4.3.6.RELEASE]
	at org.apache.catalina.core.ApplicationFilterChain.internalDoFilter(ApplicationFilterChain.java:192) ~[tomcat-embed-core-8.5.11.jar:8.5.11]
	at org.apache.catalina.core.ApplicationFilterChain.doFilter(ApplicationFilterChain.java:165) ~[tomcat-embed-core-8.5.11.jar:8.5.11]
	at org.springframework.web.filter.HiddenHttpMethodFilter.doFilterInternal(HiddenHttpMethodFilter.java:81) ~[spring-web-4.3.6.RELEASE.jar:4.3.6.RELEASE]
	at org.springframework.web.filter.OncePerRequestFilter.doFilter(OncePerRequestFilter.java:107) ~[spring-web-4.3.6.RELEASE.jar:4.3.6.RELEASE]
	at org.apache.catalina.core.ApplicationFilterChain.internalDoFilter(ApplicationFilterChain.java:192) ~[tomcat-embed-core-8.5.11.jar:8.5.11]
	at org.apache.catalina.core.ApplicationFilterChain.doFilter(ApplicationFilterChain.java:165) ~[tomcat-embed-core-8.5.11.jar:8.5.11]
	at org.springframework.web.filter.CharacterEncodingFilter.doFilterInternal(CharacterEncodingFilter.java:197) ~[spring-web-4.3.6.RELEASE.jar:4.3.6.RELEASE]
	at org.springframework.web.filter.OncePerRequestFilter.doFilter(OncePerRequestFilter.java:107) ~[spring-web-4.3.6.RELEASE.jar:4.3.6.RELEASE]
	at org.apache.catalina.core.ApplicationFilterChain.internalDoFilter(ApplicationFilterChain.java:192) ~[tomcat-embed-core-8.5.11.jar:8.5.11]
	at org.apache.catalina.core.ApplicationFilterChain.doFilter(ApplicationFilterChain.java:165) ~[tomcat-embed-core-8.5.11.jar:8.5.11]
	at org.apache.catalina.core.StandardWrapperValve.invoke(StandardWrapperValve.java:198) ~[tomcat-embed-core-8.5.11.jar:8.5.11]
	at org.apache.catalina.core.StandardContextValve.invoke(StandardContextValve.java:96) [tomcat-embed-core-8.5.11.jar:8.5.11]
	at org.apache.catalina.authenticator.AuthenticatorBase.invoke(AuthenticatorBase.java:474) [tomcat-embed-core-8.5.11.jar:8.5.11]
	at org.apache.catalina.core.StandardHostValve.invoke(StandardHostValve.java:140) [tomcat-embed-core-8.5.11.jar:8.5.11]
	at org.apache.catalina.valves.ErrorReportValve.invoke(ErrorReportValve.java:79) [tomcat-embed-core-8.5.11.jar:8.5.11]
	at org.apache.catalina.core.StandardEngineValve.invoke(StandardEngineValve.java:87) [tomcat-embed-core-8.5.11.jar:8.5.11]
	at org.apache.catalina.connector.CoyoteAdapter.service(CoyoteAdapter.java:349) [tomcat-embed-core-8.5.11.jar:8.5.11]
	at org.apache.coyote.http11.Http11Processor.service(Http11Processor.java:783) [tomcat-embed-core-8.5.11.jar:8.5.11]
	at org.apache.coyote.AbstractProcessorLight.process(AbstractProcessorLight.java:66) [tomcat-embed-core-8.5.11.jar:8.5.11]
	at org.apache.coyote.AbstractProtocol$ConnectionHandler.process(AbstractProtocol.java:798) [tomcat-embed-core-8.5.11.jar:8.5.11]
	at org.apache.tomcat.util.net.NioEndpoint$SocketProcessor.doRun(NioEndpoint.java:1434) [tomcat-embed-core-8.5.11.jar:8.5.11]
	at org.apache.tomcat.util.net.SocketProcessorBase.run(SocketProcessorBase.java:49) [tomcat-embed-core-8.5.11.jar:8.5.11]
	at java.util.concurrent.ThreadPoolExecutor.runWorker(Unknown Source) [na:1.8.0_121]
	at java.util.concurrent.ThreadPoolExecutor$Worker.run(Unknown Source) [na:1.8.0_121]
	at org.apache.tomcat.util.threads.TaskThread$WrappingRunnable.run(TaskThread.java:61) [tomcat-embed-core-8.5.11.jar:8.5.11]
	at java.lang.Thread.run(Unknown Source) [na:1.8.0_121]

2017-03-08 09:39:22.664  INFO 5968 --- [RMI TCP Connection(2)-192.168.30.242] inMXBeanRegistrar$SpringApplicationAdmin : Application shutdown requested.
2017-03-08 09:39:22.664  INFO 5968 --- [RMI TCP Connection(2)-192.168.30.242] ationConfigEmbeddedWebApplicationContext : Closing org.springframework.boot.context.embedded.AnnotationConfigEmbeddedWebApplicationContext@527e5409: startup date [Wed Mar 08 09:38:24 GMT 2017]; root of context hierarchy
2017-03-08 09:39:22.664  INFO 5968 --- [RMI TCP Connection(2)-192.168.30.242] o.s.j.e.a.AnnotationMBeanExporter        : Unregistering JMX-exposed beans on shutdown
2017-03-08 09:39:36.329  INFO 6752 --- [main] zrq.com.mvc.example01.App                : Starting App on 5CG6130YV1 with PID 6752 (C:\01WORK\LEARN\WorkspaceSPRING\zrqSpringCookBook\target\classes started by Quintas.R in C:\01WORK\LEARN\WorkspaceSPRING\zrqSpringCookBook)
2017-03-08 09:39:36.329  INFO 6752 --- [main] zrq.com.mvc.example01.App                : No active profile set, falling back to default profiles: default
2017-03-08 09:39:36.641  INFO 6752 --- [main] ationConfigEmbeddedWebApplicationContext : Refreshing org.springframework.boot.context.embedded.AnnotationConfigEmbeddedWebApplicationContext@527e5409: startup date [Wed Mar 08 09:39:36 GMT 2017]; root of context hierarchy
2017-03-08 09:39:37.515  INFO 6752 --- [main] trationDelegate$BeanPostProcessorChecker : Bean 'org.springframework.boot.autoconfigure.validation.ValidationAutoConfiguration' of type [class org.springframework.boot.autoconfigure.validation.ValidationAutoConfiguration] is not eligible for getting processed by all BeanPostProcessors (for example: not eligible for auto-proxying)
2017-03-08 09:39:37.594  INFO 6752 --- [main] trationDelegate$BeanPostProcessorChecker : Bean 'validator' of type [class org.springframework.validation.beanvalidation.LocalValidatorFactoryBean] is not eligible for getting processed by all BeanPostProcessors (for example: not eligible for auto-proxying)
2017-03-08 09:39:37.641  INFO 6752 --- [main] trationDelegate$BeanPostProcessorChecker : Bean 'org.springframework.transaction.annotation.ProxyTransactionManagementConfiguration' of type [class org.springframework.transaction.annotation.ProxyTransactionManagementConfiguration$$EnhancerBySpringCGLIB$$6ea8a107] is not eligible for getting processed by all BeanPostProcessors (for example: not eligible for auto-proxying)
2017-03-08 09:39:37.906  INFO 6752 --- [main] s.b.c.e.t.TomcatEmbeddedServletContainer : Tomcat initialized with port(s): 8080 (http)
2017-03-08 09:39:37.921  INFO 6752 --- [main] o.apache.catalina.core.StandardService   : Starting service Tomcat
2017-03-08 09:39:37.921  INFO 6752 --- [main] org.apache.catalina.core.StandardEngine  : Starting Servlet Engine: Apache Tomcat/8.5.11
2017-03-08 09:39:38.046  INFO 6752 --- [localhost-startStop-1] o.a.c.c.C.[Tomcat].[localhost].[/]       : Initializing Spring embedded WebApplicationContext
2017-03-08 09:39:38.046  INFO 6752 --- [localhost-startStop-1] o.s.web.context.ContextLoader            : Root WebApplicationContext: initialization completed in 1405 ms
2017-03-08 09:39:38.187  INFO 6752 --- [localhost-startStop-1] o.s.b.w.servlet.ServletRegistrationBean  : Mapping servlet: 'dispatcherServlet' to [/]
2017-03-08 09:39:38.187  INFO 6752 --- [localhost-startStop-1] o.s.b.w.servlet.FilterRegistrationBean   : Mapping filter: 'characterEncodingFilter' to: [/*]
2017-03-08 09:39:38.187  INFO 6752 --- [localhost-startStop-1] o.s.b.w.servlet.FilterRegistrationBean   : Mapping filter: 'hiddenHttpMethodFilter' to: [/*]
2017-03-08 09:39:38.187  INFO 6752 --- [localhost-startStop-1] o.s.b.w.servlet.FilterRegistrationBean   : Mapping filter: 'httpPutFormContentFilter' to: [/*]
2017-03-08 09:39:38.187  INFO 6752 --- [localhost-startStop-1] o.s.b.w.servlet.FilterRegistrationBean   : Mapping filter: 'requestContextFilter' to: [/*]
2017-03-08 09:39:38.467  INFO 6752 --- [main] s.w.s.m.m.a.RequestMappingHandlerAdapter : Looking for @ControllerAdvice: org.springframework.boot.context.embedded.AnnotationConfigEmbeddedWebApplicationContext@527e5409: startup date [Wed Mar 08 09:39:36 GMT 2017]; root of context hierarchy
2017-03-08 09:39:38.530  INFO 6752 --- [main] s.w.s.m.m.a.RequestMappingHandlerMapping : Mapped "{[/greeting]}" onto public java.lang.String zrq.com.mvc.example01.GreetingController.greeting(java.lang.String,org.springframework.ui.Model)
2017-03-08 09:39:38.530  INFO 6752 --- [main] s.w.s.m.m.a.RequestMappingHandlerMapping : Mapped "{[/error]}" onto public org.springframework.http.ResponseEntity<java.util.Map<java.lang.String, java.lang.Object>> org.springframework.boot.autoconfigure.web.BasicErrorController.error(javax.servlet.http.HttpServletRequest)
2017-03-08 09:39:38.530  INFO 6752 --- [main] s.w.s.m.m.a.RequestMappingHandlerMapping : Mapped "{[/error],produces=[text/html]}" onto public org.springframework.web.servlet.ModelAndView org.springframework.boot.autoconfigure.web.BasicErrorController.errorHtml(javax.servlet.http.HttpServletRequest,javax.servlet.http.HttpServletResponse)
2017-03-08 09:39:38.546  INFO 6752 --- [main] o.s.w.s.handler.SimpleUrlHandlerMapping  : Mapped URL path [/webjars/**] onto handler of type [class org.springframework.web.servlet.resource.ResourceHttpRequestHandler]
2017-03-08 09:39:38.546  INFO 6752 --- [main] o.s.w.s.handler.SimpleUrlHandlerMapping  : Mapped URL path [/**] onto handler of type [class org.springframework.web.servlet.resource.ResourceHttpRequestHandler]
2017-03-08 09:39:38.609  INFO 6752 --- [main] o.s.w.s.handler.SimpleUrlHandlerMapping  : Mapped URL path [/**/favicon.ico] onto handler of type [class org.springframework.web.servlet.resource.ResourceHttpRequestHandler]
2017-03-08 09:39:38.921  INFO 6752 --- [main] oConfiguration$WelcomePageHandlerMapping : Adding welcome page: class path resource [static/index.html]
2017-03-08 09:39:39.077  INFO 6752 --- [main] o.s.j.e.a.AnnotationMBeanExporter        : Registering beans for JMX exposure on startup
2017-03-08 09:39:39.139  INFO 6752 --- [main] s.b.c.e.t.TomcatEmbeddedServletContainer : Tomcat started on port(s): 8080 (http)
2017-03-08 09:39:39.139  INFO 6752 --- [main] zrq.com.mvc.example01.App                : Started App in 3.318 seconds (JVM running for 4.063)
2017-03-08 09:39:43.637  INFO 6752 --- [http-nio-8080-exec-1] o.a.c.c.C.[Tomcat].[localhost].[/]       : Initializing Spring FrameworkServlet 'dispatcherServlet'
2017-03-08 09:39:43.638  INFO 6752 --- [http-nio-8080-exec-1] o.s.web.servlet.DispatcherServlet        : FrameworkServlet 'dispatcherServlet': initialization started
2017-03-08 09:39:43.659  INFO 6752 --- [http-nio-8080-exec-1] o.s.web.servlet.DispatcherServlet        : FrameworkServlet 'dispatcherServlet': initialization completed in 21 ms
2017-03-08 09:41:18.697  INFO 6752 --- [RMI TCP Connection(2)-192.168.30.242] inMXBeanRegistrar$SpringApplicationAdmin : Application shutdown requested.
2017-03-08 09:41:18.698  INFO 6752 --- [RMI TCP Connection(2)-192.168.30.242] ationConfigEmbeddedWebApplicationContext : Closing org.springframework.boot.context.embedded.AnnotationConfigEmbeddedWebApplicationContext@527e5409: startup date [Wed Mar 08 09:39:36 GMT 2017]; root of context hierarchy
2017-03-08 09:41:18.702  INFO 6752 --- [RMI TCP Connection(2)-192.168.30.242] o.s.j.e.a.AnnotationMBeanExporter        : Unregistering JMX-exposed beans on shutdown
2017-03-08 09:41:23.476  INFO 6680 --- [main] zrq.com.mvc.example01.App                : Starting App on 5CG6130YV1 with PID 6680 (C:\01WORK\LEARN\WorkspaceSPRING\zrqSpringCookBook\target\classes started by Quintas.R in C:\01WORK\LEARN\WorkspaceSPRING\zrqSpringCookBook)
2017-03-08 09:41:23.479  INFO 6680 --- [main] zrq.com.mvc.example01.App                : No active profile set, falling back to default profiles: default
2017-03-08 09:41:23.779  INFO 6680 --- [main] ationConfigEmbeddedWebApplicationContext : Refreshing org.springframework.boot.context.embedded.AnnotationConfigEmbeddedWebApplicationContext@527e5409: startup date [Wed Mar 08 09:41:23 GMT 2017]; root of context hierarchy
2017-03-08 09:41:24.666  INFO 6680 --- [main] trationDelegate$BeanPostProcessorChecker : Bean 'org.springframework.boot.autoconfigure.validation.ValidationAutoConfiguration' of type [class org.springframework.boot.autoconfigure.validation.ValidationAutoConfiguration] is not eligible for getting processed by all BeanPostProcessors (for example: not eligible for auto-proxying)
2017-03-08 09:41:24.749  INFO 6680 --- [main] trationDelegate$BeanPostProcessorChecker : Bean 'validator' of type [class org.springframework.validation.beanvalidation.LocalValidatorFactoryBean] is not eligible for getting processed by all BeanPostProcessors (for example: not eligible for auto-proxying)
2017-03-08 09:41:24.797  INFO 6680 --- [main] trationDelegate$BeanPostProcessorChecker : Bean 'org.springframework.transaction.annotation.ProxyTransactionManagementConfiguration' of type [class org.springframework.transaction.annotation.ProxyTransactionManagementConfiguration$$EnhancerBySpringCGLIB$$78ca6057] is not eligible for getting processed by all BeanPostProcessors (for example: not eligible for auto-proxying)
2017-03-08 09:41:25.083  INFO 6680 --- [main] s.b.c.e.t.TomcatEmbeddedServletContainer : Tomcat initialized with port(s): 8080 (http)
2017-03-08 09:41:25.096  INFO 6680 --- [main] o.apache.catalina.core.StandardService   : Starting service Tomcat
2017-03-08 09:41:25.098  INFO 6680 --- [main] org.apache.catalina.core.StandardEngine  : Starting Servlet Engine: Apache Tomcat/8.5.11
2017-03-08 09:41:25.210  INFO 6680 --- [localhost-startStop-1] o.a.c.c.C.[Tomcat].[localhost].[/]       : Initializing Spring embedded WebApplicationContext
2017-03-08 09:41:25.210  INFO 6680 --- [localhost-startStop-1] o.s.web.context.ContextLoader            : Root WebApplicationContext: initialization completed in 1450 ms
2017-03-08 09:41:25.364  INFO 6680 --- [localhost-startStop-1] o.s.b.w.servlet.ServletRegistrationBean  : Mapping servlet: 'dispatcherServlet' to [/]
2017-03-08 09:41:25.370  INFO 6680 --- [localhost-startStop-1] o.s.b.w.servlet.FilterRegistrationBean   : Mapping filter: 'characterEncodingFilter' to: [/*]
2017-03-08 09:41:25.371  INFO 6680 --- [localhost-startStop-1] o.s.b.w.servlet.FilterRegistrationBean   : Mapping filter: 'hiddenHttpMethodFilter' to: [/*]
2017-03-08 09:41:25.372  INFO 6680 --- [localhost-startStop-1] o.s.b.w.servlet.FilterRegistrationBean   : Mapping filter: 'httpPutFormContentFilter' to: [/*]
2017-03-08 09:41:25.372  INFO 6680 --- [localhost-startStop-1] o.s.b.w.servlet.FilterRegistrationBean   : Mapping filter: 'requestContextFilter' to: [/*]
2017-03-08 09:41:25.650  INFO 6680 --- [main] s.w.s.m.m.a.RequestMappingHandlerAdapter : Looking for @ControllerAdvice: org.springframework.boot.context.embedded.AnnotationConfigEmbeddedWebApplicationContext@527e5409: startup date [Wed Mar 08 09:41:23 GMT 2017]; root of context hierarchy
2017-03-08 09:41:25.715  INFO 6680 --- [main] s.w.s.m.m.a.RequestMappingHandlerMapping : Mapped "{[/greeting]}" onto public java.lang.String zrq.com.mvc.example01.GreetingController.greeting(java.lang.String,org.springframework.ui.Model)
2017-03-08 09:41:25.719  INFO 6680 --- [main] s.w.s.m.m.a.RequestMappingHandlerMapping : Mapped "{[/error]}" onto public org.springframework.http.ResponseEntity<java.util.Map<java.lang.String, java.lang.Object>> org.springframework.boot.autoconfigure.web.BasicErrorController.error(javax.servlet.http.HttpServletRequest)
2017-03-08 09:41:25.719  INFO 6680 --- [main] s.w.s.m.m.a.RequestMappingHandlerMapping : Mapped "{[/error],produces=[text/html]}" onto public org.springframework.web.servlet.ModelAndView org.springframework.boot.autoconfigure.web.BasicErrorController.errorHtml(javax.servlet.http.HttpServletRequest,javax.servlet.http.HttpServletResponse)
2017-03-08 09:41:25.749  INFO 6680 --- [main] o.s.w.s.handler.SimpleUrlHandlerMapping  : Mapped URL path [/webjars/**] onto handler of type [class org.springframework.web.servlet.resource.ResourceHttpRequestHandler]
2017-03-08 09:41:25.749  INFO 6680 --- [main] o.s.w.s.handler.SimpleUrlHandlerMapping  : Mapped URL path [/**] onto handler of type [class org.springframework.web.servlet.resource.ResourceHttpRequestHandler]
2017-03-08 09:41:25.820  INFO 6680 --- [main] o.s.w.s.handler.SimpleUrlHandlerMapping  : Mapped URL path [/**/favicon.ico] onto handler of type [class org.springframework.web.servlet.resource.ResourceHttpRequestHandler]
2017-03-08 09:41:26.154  INFO 6680 --- [main] oConfiguration$WelcomePageHandlerMapping : Adding welcome page: class path resource [static/index.html]
2017-03-08 09:41:26.352  INFO 6680 --- [main] o.s.j.e.a.AnnotationMBeanExporter        : Registering beans for JMX exposure on startup
2017-03-08 09:41:26.416  INFO 6680 --- [main] s.b.c.e.t.TomcatEmbeddedServletContainer : Tomcat started on port(s): 8080 (http)
2017-03-08 09:41:26.421  INFO 6680 --- [main] zrq.com.mvc.example01.App                : Started App in 3.226 seconds (JVM running for 3.797)
2017-03-08 09:41:26.466  INFO 6680 --- [http-nio-8080-exec-1] o.a.c.c.C.[Tomcat].[localhost].[/]       : Initializing Spring FrameworkServlet 'dispatcherServlet'
2017-03-08 09:41:26.467  INFO 6680 --- [http-nio-8080-exec-1] o.s.web.servlet.DispatcherServlet        : FrameworkServlet 'dispatcherServlet': initialization started
2017-03-08 09:41:26.496  INFO 6680 --- [http-nio-8080-exec-1] o.s.web.servlet.DispatcherServlet        : FrameworkServlet 'dispatcherServlet': initialization completed in 29 ms
