2017-03-09 11:54:27.309  INFO 8672 --- [main] main.java.zrq.com.App                    : Starting App on 5CG6130YV1 with PID 8672 (C:\01WORK\LEARN\WorkspaceSPRING\zrqMVCexample01\target\classes started by Quintas.R in C:\01WORK\LEARN\WorkspaceSPRING\zrqMVCexample01)
2017-03-09 11:54:27.313  INFO 8672 --- [main] main.java.zrq.com.App                    : No active profile set, falling back to default profiles: default
2017-03-09 11:54:27.569  INFO 8672 --- [main] ationConfigEmbeddedWebApplicationContext : Refreshing org.springframework.boot.context.embedded.AnnotationConfigEmbeddedWebApplicationContext@16e7dcfd: startup date [Thu Mar 09 11:54:27 GMT 2017]; root of context hierarchy
2017-03-09 11:54:28.720  INFO 8672 --- [main] s.b.c.e.t.TomcatEmbeddedServletContainer : Tomcat initialized with port(s): 8080 (http)
2017-03-09 11:54:28.732  INFO 8672 --- [main] o.apache.catalina.core.StandardService   : Starting service Tomcat
2017-03-09 11:54:28.733  INFO 8672 --- [main] org.apache.catalina.core.StandardEngine  : Starting Servlet Engine: Apache Tomcat/8.5.11
2017-03-09 11:54:28.959  INFO 8672 --- [localhost-startStop-1] org.apache.jasper.servlet.TldScanner     : At least one JAR was scanned for TLDs yet contained no TLDs. Enable debug logging for this logger for a complete list of JARs that were scanned but no TLDs were found in them. Skipping unneeded JARs during scanning can improve startup time and JSP compilation time.
2017-03-09 11:54:28.964  INFO 8672 --- [localhost-startStop-1] o.a.c.c.C.[Tomcat].[localhost].[/]       : Initializing Spring embedded WebApplicationContext
2017-03-09 11:54:28.964  INFO 8672 --- [localhost-startStop-1] o.s.web.context.ContextLoader            : Root WebApplicationContext: initialization completed in 1402 ms
2017-03-09 11:54:29.154  INFO 8672 --- [localhost-startStop-1] o.s.b.w.servlet.ServletRegistrationBean  : Mapping servlet: 'dispatcherServlet' to [/]
2017-03-09 11:54:29.157  INFO 8672 --- [localhost-startStop-1] o.s.b.w.servlet.FilterRegistrationBean   : Mapping filter: 'characterEncodingFilter' to: [/*]
2017-03-09 11:54:29.158  INFO 8672 --- [localhost-startStop-1] o.s.b.w.servlet.FilterRegistrationBean   : Mapping filter: 'hiddenHttpMethodFilter' to: [/*]
2017-03-09 11:54:29.158  INFO 8672 --- [localhost-startStop-1] o.s.b.w.servlet.FilterRegistrationBean   : Mapping filter: 'httpPutFormContentFilter' to: [/*]
2017-03-09 11:54:29.158  INFO 8672 --- [localhost-startStop-1] o.s.b.w.servlet.FilterRegistrationBean   : Mapping filter: 'requestContextFilter' to: [/*]
2017-03-09 11:54:29.408  INFO 8672 --- [main] s.w.s.m.m.a.RequestMappingHandlerAdapter : Looking for @ControllerAdvice: org.springframework.boot.context.embedded.AnnotationConfigEmbeddedWebApplicationContext@16e7dcfd: startup date [Thu Mar 09 11:54:27 GMT 2017]; root of context hierarchy
2017-03-09 11:54:29.466  INFO 8672 --- [main] s.w.s.m.m.a.RequestMappingHandlerMapping : Mapped "{[/greeting]}" onto public java.lang.String main.java.zrq.com.GreetingController.greeting(java.lang.String,org.springframework.ui.Model)
2017-03-09 11:54:29.470  INFO 8672 --- [main] s.w.s.m.m.a.RequestMappingHandlerMapping : Mapped "{[/error]}" onto public org.springframework.http.ResponseEntity<java.util.Map<java.lang.String, java.lang.Object>> org.springframework.boot.autoconfigure.web.BasicErrorController.error(javax.servlet.http.HttpServletRequest)
2017-03-09 11:54:29.470  INFO 8672 --- [main] s.w.s.m.m.a.RequestMappingHandlerMapping : Mapped "{[/error],produces=[text/html]}" onto public org.springframework.web.servlet.ModelAndView org.springframework.boot.autoconfigure.web.BasicErrorController.errorHtml(javax.servlet.http.HttpServletRequest,javax.servlet.http.HttpServletResponse)
2017-03-09 11:54:29.493  INFO 8672 --- [main] o.s.w.s.handler.SimpleUrlHandlerMapping  : Mapped URL path [/webjars/**] onto handler of type [class org.springframework.web.servlet.resource.ResourceHttpRequestHandler]
2017-03-09 11:54:29.494  INFO 8672 --- [main] o.s.w.s.handler.SimpleUrlHandlerMapping  : Mapped URL path [/**] onto handler of type [class org.springframework.web.servlet.resource.ResourceHttpRequestHandler]
2017-03-09 11:54:29.526  INFO 8672 --- [main] o.s.w.s.handler.SimpleUrlHandlerMapping  : Mapped URL path [/**/favicon.ico] onto handler of type [class org.springframework.web.servlet.resource.ResourceHttpRequestHandler]
2017-03-09 11:54:29.888  INFO 8672 --- [main] oConfiguration$WelcomePageHandlerMapping : Adding welcome page: class path resource [static/index.html]
2017-03-09 11:54:30.091  INFO 8672 --- [main] o.s.j.e.a.AnnotationMBeanExporter        : Registering beans for JMX exposure on startup
2017-03-09 11:54:30.164  INFO 8672 --- [main] s.b.c.e.t.TomcatEmbeddedServletContainer : Tomcat started on port(s): 8080 (http)
2017-03-09 11:54:30.169  INFO 8672 --- [main] main.java.zrq.com.App                    : Started App in 3.107 seconds (JVM running for 4.186)
2017-03-09 11:54:34.204  INFO 8672 --- [http-nio-8080-exec-1] o.a.c.c.C.[Tomcat].[localhost].[/]       : Initializing Spring FrameworkServlet 'dispatcherServlet'
2017-03-09 11:54:34.204  INFO 8672 --- [http-nio-8080-exec-1] o.s.web.servlet.DispatcherServlet        : FrameworkServlet 'dispatcherServlet': initialization started
2017-03-09 11:54:34.219  INFO 8672 --- [http-nio-8080-exec-1] o.s.web.servlet.DispatcherServlet        : FrameworkServlet 'dispatcherServlet': initialization completed in 15 ms
2017-03-09 11:59:04.023  INFO 8672 --- [RMI TCP Connection(2)-192.168.30.242] inMXBeanRegistrar$SpringApplicationAdmin : Application shutdown requested.
2017-03-09 11:59:04.023  INFO 8672 --- [RMI TCP Connection(2)-192.168.30.242] ationConfigEmbeddedWebApplicationContext : Closing org.springframework.boot.context.embedded.AnnotationConfigEmbeddedWebApplicationContext@16e7dcfd: startup date [Thu Mar 09 11:54:27 GMT 2017]; root of context hierarchy
2017-03-09 11:59:04.023  INFO 8672 --- [RMI TCP Connection(2)-192.168.30.242] o.s.j.e.a.AnnotationMBeanExporter        : Unregistering JMX-exposed beans on shutdown
2017-03-09 14:33:21.038  INFO 8512 --- [main] main.java.zrq.com.App                    : Starting App on 5CG6130YV1 with PID 8512 (C:\01WORK\LEARN\WorkspaceSPRING\zrqMVCexample01\target\classes started by Quintas.R in C:\01WORK\LEARN\WorkspaceSPRING\zrqMVCexample01)
2017-03-09 14:33:21.041  INFO 8512 --- [main] main.java.zrq.com.App                    : No active profile set, falling back to default profiles: default
2017-03-09 14:33:21.285  INFO 8512 --- [main] ationConfigEmbeddedWebApplicationContext : Refreshing org.springframework.boot.context.embedded.AnnotationConfigEmbeddedWebApplicationContext@16e7dcfd: startup date [Thu Mar 09 14:33:21 GMT 2017]; root of context hierarchy
2017-03-09 14:33:22.433  INFO 8512 --- [main] s.b.c.e.t.TomcatEmbeddedServletContainer : Tomcat initialized with port(s): 8080 (http)
2017-03-09 14:33:22.447  INFO 8512 --- [main] o.apache.catalina.core.StandardService   : Starting service Tomcat
2017-03-09 14:33:22.448  INFO 8512 --- [main] org.apache.catalina.core.StandardEngine  : Starting Servlet Engine: Apache Tomcat/8.5.11
2017-03-09 14:33:22.651  INFO 8512 --- [localhost-startStop-1] org.apache.jasper.servlet.TldScanner     : At least one JAR was scanned for TLDs yet contained no TLDs. Enable debug logging for this logger for a complete list of JARs that were scanned but no TLDs were found in them. Skipping unneeded JARs during scanning can improve startup time and JSP compilation time.
2017-03-09 14:33:22.656  INFO 8512 --- [localhost-startStop-1] o.a.c.c.C.[Tomcat].[localhost].[/]       : Initializing Spring embedded WebApplicationContext
2017-03-09 14:33:22.656  INFO 8512 --- [localhost-startStop-1] o.s.web.context.ContextLoader            : Root WebApplicationContext: initialization completed in 1374 ms
2017-03-09 14:33:22.829  INFO 8512 --- [localhost-startStop-1] o.s.b.w.servlet.ServletRegistrationBean  : Mapping servlet: 'dispatcherServlet' to [/]
2017-03-09 14:33:22.832  INFO 8512 --- [localhost-startStop-1] o.s.b.w.servlet.FilterRegistrationBean   : Mapping filter: 'characterEncodingFilter' to: [/*]
2017-03-09 14:33:22.833  INFO 8512 --- [localhost-startStop-1] o.s.b.w.servlet.FilterRegistrationBean   : Mapping filter: 'hiddenHttpMethodFilter' to: [/*]
2017-03-09 14:33:22.833  INFO 8512 --- [localhost-startStop-1] o.s.b.w.servlet.FilterRegistrationBean   : Mapping filter: 'httpPutFormContentFilter' to: [/*]
2017-03-09 14:33:22.834  INFO 8512 --- [localhost-startStop-1] o.s.b.w.servlet.FilterRegistrationBean   : Mapping filter: 'requestContextFilter' to: [/*]
2017-03-09 14:33:23.085  INFO 8512 --- [main] s.w.s.m.m.a.RequestMappingHandlerAdapter : Looking for @ControllerAdvice: org.springframework.boot.context.embedded.AnnotationConfigEmbeddedWebApplicationContext@16e7dcfd: startup date [Thu Mar 09 14:33:21 GMT 2017]; root of context hierarchy
2017-03-09 14:33:23.153  INFO 8512 --- [main] s.w.s.m.m.a.RequestMappingHandlerMapping : Mapped "{[/greeting]}" onto public java.lang.String main.java.zrq.com.GreetingController.greeting(java.lang.String,org.springframework.ui.Model)
2017-03-09 14:33:23.157  INFO 8512 --- [main] s.w.s.m.m.a.RequestMappingHandlerMapping : Mapped "{[/error]}" onto public org.springframework.http.ResponseEntity<java.util.Map<java.lang.String, java.lang.Object>> org.springframework.boot.autoconfigure.web.BasicErrorController.error(javax.servlet.http.HttpServletRequest)
2017-03-09 14:33:23.157  INFO 8512 --- [main] s.w.s.m.m.a.RequestMappingHandlerMapping : Mapped "{[/error],produces=[text/html]}" onto public org.springframework.web.servlet.ModelAndView org.springframework.boot.autoconfigure.web.BasicErrorController.errorHtml(javax.servlet.http.HttpServletRequest,javax.servlet.http.HttpServletResponse)
2017-03-09 14:33:23.187  INFO 8512 --- [main] o.s.w.s.handler.SimpleUrlHandlerMapping  : Mapped URL path [/webjars/**] onto handler of type [class org.springframework.web.servlet.resource.ResourceHttpRequestHandler]
2017-03-09 14:33:23.188  INFO 8512 --- [main] o.s.w.s.handler.SimpleUrlHandlerMapping  : Mapped URL path [/**] onto handler of type [class org.springframework.web.servlet.resource.ResourceHttpRequestHandler]
2017-03-09 14:33:23.228  INFO 8512 --- [main] o.s.w.s.handler.SimpleUrlHandlerMapping  : Mapped URL path [/**/favicon.ico] onto handler of type [class org.springframework.web.servlet.resource.ResourceHttpRequestHandler]
2017-03-09 14:33:23.586  INFO 8512 --- [main] oConfiguration$WelcomePageHandlerMapping : Adding welcome page: class path resource [static/index.html]
2017-03-09 14:33:23.743  INFO 8512 --- [main] o.s.j.e.a.AnnotationMBeanExporter        : Registering beans for JMX exposure on startup
2017-03-09 14:33:23.801  INFO 8512 --- [main] s.b.c.e.t.TomcatEmbeddedServletContainer : Tomcat started on port(s): 8080 (http)
2017-03-09 14:33:23.807  INFO 8512 --- [main] main.java.zrq.com.App                    : Started App in 3.028 seconds (JVM running for 3.605)
2017-03-09 14:33:26.528  INFO 8512 --- [http-nio-8080-exec-1] o.a.c.c.C.[Tomcat].[localhost].[/]       : Initializing Spring FrameworkServlet 'dispatcherServlet'
2017-03-09 14:33:26.528  INFO 8512 --- [http-nio-8080-exec-1] o.s.web.servlet.DispatcherServlet        : FrameworkServlet 'dispatcherServlet': initialization started
2017-03-09 14:33:26.552  INFO 8512 --- [http-nio-8080-exec-1] o.s.web.servlet.DispatcherServlet        : FrameworkServlet 'dispatcherServlet': initialization completed in 24 ms
